\BOOKMARK [1][-]{section.1}{Summary}{}% 1
\BOOKMARK [1][-]{section.2}{Methods}{}% 2
\BOOKMARK [2][-]{subsection.2.1}{Data Pre-processing}{section.2}% 3
\BOOKMARK [2][-]{subsection.2.2}{Exploratory Data Analysis}{section.2}% 4
\BOOKMARK [2][-]{subsection.2.3}{Feature Identification}{section.2}% 5
\BOOKMARK [3][-]{subsubsection.2.3.1}{Correlation Matrix}{subsection.2.3}% 6
\BOOKMARK [3][-]{subsubsection.2.3.2}{K-fold cross validation }{subsection.2.3}% 7
\BOOKMARK [3][-]{subsubsection.2.3.3}{Stepwise model selection}{subsection.2.3}% 8
\BOOKMARK [2][-]{subsection.2.4}{Modelling}{section.2}% 9
\BOOKMARK [3][-]{subsubsection.2.4.1}{Linear Model}{subsection.2.4}% 10
\BOOKMARK [3][-]{subsubsection.2.4.2}{LS-SVM}{subsection.2.4}% 11
\BOOKMARK [3][-]{subsubsection.2.4.3}{Random Forest }{subsection.2.4}% 12
\BOOKMARK [3][-]{subsubsection.2.4.4}{XGBoost }{subsection.2.4}% 13
\BOOKMARK [1][-]{section.3}{Results}{}% 14
\BOOKMARK [2][-]{subsection.3.1}{Exploratory Data Analysis: }{section.3}% 15
\BOOKMARK [2][-]{subsection.3.2}{Feature Selection:}{section.3}% 16
\BOOKMARK [3][-]{subsubsection.3.2.1}{Correlation Matrix }{subsection.3.2}% 17
\BOOKMARK [3][-]{subsubsection.3.2.2}{K-fold cross validation }{subsection.3.2}% 18
\BOOKMARK [3][-]{subsubsection.3.2.3}{Stepwise model selection}{subsection.3.2}% 19
\BOOKMARK [3][-]{subsubsection.3.2.4}{Stepwise model selection}{subsection.3.2}% 20
\BOOKMARK [2][-]{subsection.3.3}{Modelling}{section.3}% 21
\BOOKMARK [3][-]{subsubsection.3.3.1}{Linear Model}{subsection.3.3}% 22
\BOOKMARK [3][-]{subsubsection.3.3.2}{LSSVM}{subsection.3.3}% 23
\BOOKMARK [3][-]{subsubsection.3.3.3}{Random Forest }{subsection.3.3}% 24
\BOOKMARK [3][-]{subsubsection.3.3.4}{XGBoost}{subsection.3.3}% 25
\BOOKMARK [1][-]{section.4}{Discussion}{}% 26
\BOOKMARK [1][-]{section.5}{Statement of contributions}{}% 27
