This is pdfTeX, Version 3.14159265-2.6-1.40.18 (TeX Live 2017/Debian) (preloaded format=pdflatex 2019.9.14)  19 APR 2020 15:54
entering extended mode
 restricted \write18 enabled.
 file:line:error style messages enabled.
 %&-line parsing enabled.
**/home/niksnikson/Documents/College_NEU/SPRING-20/DS-5110/Project/idmp-bchi/Report/report.tex
(/home/niksnikson/Documents/College_NEU/SPRING-20/DS-5110/Project/idmp-bchi/Report/report.tex
LaTeX2e <2017-04-15>
Babel <3.18> and hyphenation patterns for 84 language(s) loaded.
(/usr/share/texlive/texmf-dist/tex/latex/base/article.cls
Document Class: article 2014/09/29 v1.4h Standard LaTeX document class
(/usr/share/texlive/texmf-dist/tex/latex/base/size11.clo
File: size11.clo 2014/09/29 v1.4h Standard LaTeX file (size option)
)
\c@part=\count79
\c@section=\count80
\c@subsection=\count81
\c@subsubsection=\count82
\c@paragraph=\count83
\c@subparagraph=\count84
\c@figure=\count85
\c@table=\count86
\abovecaptionskip=\skip41
\belowcaptionskip=\skip42
\bibindent=\dimen102
) (/usr/share/texlive/texmf-dist/tex/latex/geometry/geometry.sty
Package: geometry 2010/09/12 v5.6 Page Geometry
 (/usr/share/texlive/texmf-dist/tex/latex/graphics/keyval.sty
Package: keyval 2014/10/28 v1.15 key=value parser (DPC)
\KV@toks@=\toks14
) (/usr/share/texlive/texmf-dist/tex/generic/oberdiek/ifpdf.sty
Package: ifpdf 2017/03/15 v3.2 Provides the ifpdf switch
) (/usr/share/texlive/texmf-dist/tex/generic/oberdiek/ifvtex.sty
Package: ifvtex 2016/05/16 v1.6 Detect VTeX and its facilities (HO)
Package ifvtex Info: VTeX not detected.
) (/usr/share/texlive/texmf-dist/tex/generic/ifxetex/ifxetex.sty
Package: ifxetex 2010/09/12 v0.6 Provides ifxetex conditional
)
\Gm@cnth=\count87
\Gm@cntv=\count88
\c@Gm@tempcnt=\count89
\Gm@bindingoffset=\dimen103
\Gm@wd@mp=\dimen104
\Gm@odd@mp=\dimen105
\Gm@even@mp=\dimen106
\Gm@layoutwidth=\dimen107
\Gm@layoutheight=\dimen108
\Gm@layouthoffset=\dimen109
\Gm@layoutvoffset=\dimen110
\Gm@dimlist=\toks15
) (/usr/share/texlive/texmf-dist/tex/latex/preprint/authblk.sty
Package: authblk 2001/02/27 1.3 (PWD)
\affilsep=\skip43
\@affilsep=\skip44
\c@Maxaffil=\count90
\c@authors=\count91
\c@affil=\count92
) (/usr/share/texlive/texmf-dist/tex/latex/graphics/graphicx.sty
Package: graphicx 2017/06/01 v1.1a Enhanced LaTeX Graphics (DPC,SPQR)
 (/usr/share/texlive/texmf-dist/tex/latex/graphics/graphics.sty
Package: graphics 2017/06/25 v1.2c Standard LaTeX Graphics (DPC,SPQR)
 (/usr/share/texlive/texmf-dist/tex/latex/graphics/trig.sty
Package: trig 2016/01/03 v1.10 sin cos tan (DPC)
) (/usr/share/texlive/texmf-dist/tex/latex/graphics-cfg/graphics.cfg
File: graphics.cfg 2016/06/04 v1.11 sample graphics configuration
)
Package graphics Info: Driver file: pdftex.def on input line 99.
 (/usr/share/texlive/texmf-dist/tex/latex/graphics-def/pdftex.def
File: pdftex.def 2018/01/08 v1.0l Graphics/color driver for pdftex
))
\Gin@req@height=\dimen111
\Gin@req@width=\dimen112
) (/usr/share/texlive/texmf-dist/tex/latex/hyperref/hyperref.sty
Package: hyperref 2018/02/06 v6.86b Hypertext links for LaTeX
 (/usr/share/texlive/texmf-dist/tex/generic/oberdiek/hobsub-hyperref.sty
Package: hobsub-hyperref 2016/05/16 v1.14 Bundle oberdiek, subset hyperref (HO)
 (/usr/share/texlive/texmf-dist/tex/generic/oberdiek/hobsub-generic.sty
Package: hobsub-generic 2016/05/16 v1.14 Bundle oberdiek, subset generic (HO)
Package: hobsub 2016/05/16 v1.14 Construct package bundles (HO)
Package: infwarerr 2016/05/16 v1.4 Providing info/warning/error messages (HO)
Package: ltxcmds 2016/05/16 v1.23 LaTeX kernel commands for general use (HO)
Package: ifluatex 2016/05/16 v1.4 Provides the ifluatex switch (HO)
Package ifluatex Info: LuaTeX not detected.
Package hobsub Info: Skipping package `ifvtex' (already loaded).
Package: intcalc 2016/05/16 v1.2 Expandable calculations with integers (HO)
Package hobsub Info: Skipping package `ifpdf' (already loaded).
Package: etexcmds 2016/05/16 v1.6 Avoid name clashes with e-TeX commands (HO)
Package etexcmds Info: Could not find \expanded.
(etexcmds)             That can mean that you are not using pdfTeX 1.50 or
(etexcmds)             that some package has redefined \expanded.
(etexcmds)             In the latter case, load this package earlier.
Package: kvsetkeys 2016/05/16 v1.17 Key value parser (HO)
Package: kvdefinekeys 2016/05/16 v1.4 Define keys (HO)
Package: pdftexcmds 2018/01/21 v0.26 Utility functions of pdfTeX for LuaTeX (HO)
Package pdftexcmds Info: LuaTeX not detected.
Package pdftexcmds Info: \pdf@primitive is available.
Package pdftexcmds Info: \pdf@ifprimitive is available.
Package pdftexcmds Info: \pdfdraftmode found.
Package: pdfescape 2016/05/16 v1.14 Implements pdfTeX's escape features (HO)
Package: bigintcalc 2016/05/16 v1.4 Expandable calculations on big integers (HO)
Package: bitset 2016/05/16 v1.2 Handle bit-vector datatype (HO)
Package: uniquecounter 2016/05/16 v1.3 Provide unlimited unique counter (HO)
)
Package hobsub Info: Skipping package `hobsub' (already loaded).
Package: letltxmacro 2016/05/16 v1.5 Let assignment for LaTeX macros (HO)
Package: hopatch 2016/05/16 v1.3 Wrapper for package hooks (HO)
Package: xcolor-patch 2016/05/16 xcolor patch
Package: atveryend 2016/05/16 v1.9 Hooks at the very end of document (HO)
Package atveryend Info: \enddocument detected (standard20110627).
Package: atbegshi 2016/06/09 v1.18 At begin shipout hook (HO)
Package: refcount 2016/05/16 v3.5 Data extraction from label references (HO)
Package: hycolor 2016/05/16 v1.8 Color options for hyperref/bookmark (HO)
) (/usr/share/texlive/texmf-dist/tex/latex/oberdiek/auxhook.sty
Package: auxhook 2016/05/16 v1.4 Hooks for auxiliary files (HO)
) (/usr/share/texlive/texmf-dist/tex/latex/oberdiek/kvoptions.sty
Package: kvoptions 2016/05/16 v3.12 Key value format for package options (HO)
)
\@linkdim=\dimen113
\Hy@linkcounter=\count93
\Hy@pagecounter=\count94
 (/usr/share/texlive/texmf-dist/tex/latex/hyperref/pd1enc.def
File: pd1enc.def 2018/02/06 v6.86b Hyperref: PDFDocEncoding definition (HO)
)
\Hy@SavedSpaceFactor=\count95
 (/usr/share/texlive/texmf-dist/tex/latex/latexconfig/hyperref.cfg
File: hyperref.cfg 2002/06/06 v1.2 hyperref configuration of TeXLive
)
Package hyperref Info: Hyper figures OFF on input line 4509.
Package hyperref Info: Link nesting OFF on input line 4514.
Package hyperref Info: Hyper index ON on input line 4517.
Package hyperref Info: Plain pages OFF on input line 4524.
Package hyperref Info: Backreferencing OFF on input line 4529.
Package hyperref Info: Implicit mode ON; LaTeX internals redefined.
Package hyperref Info: Bookmarks ON on input line 4762.
\c@Hy@tempcnt=\count96
 (/usr/share/texlive/texmf-dist/tex/latex/url/url.sty
\Urlmuskip=\muskip10
Package: url 2013/09/16  ver 3.4  Verb mode for urls, etc.
)
LaTeX Info: Redefining \url on input line 5115.
\XeTeXLinkMargin=\dimen114
\Fld@menulength=\count97
\Field@Width=\dimen115
\Fld@charsize=\dimen116
Package hyperref Info: Hyper figures OFF on input line 6369.
Package hyperref Info: Link nesting OFF on input line 6374.
Package hyperref Info: Hyper index ON on input line 6377.
Package hyperref Info: backreferencing OFF on input line 6384.
Package hyperref Info: Link coloring OFF on input line 6389.
Package hyperref Info: Link coloring with OCG OFF on input line 6394.
Package hyperref Info: PDF/A mode OFF on input line 6399.
LaTeX Info: Redefining \ref on input line 6439.
LaTeX Info: Redefining \pageref on input line 6443.
\Hy@abspage=\count98
\c@Item=\count99
\c@Hfootnote=\count100
)
Package hyperref Info: Driver (autodetected): hpdftex.
 (/usr/share/texlive/texmf-dist/tex/latex/hyperref/hpdftex.def
File: hpdftex.def 2018/02/06 v6.86b Hyperref driver for pdfTeX
\Fld@listcount=\count101
\c@bookmark@seq@number=\count102
 (/usr/share/texlive/texmf-dist/tex/latex/oberdiek/rerunfilecheck.sty
Package: rerunfilecheck 2016/05/16 v1.8 Rerun checks for auxiliary files (HO)
Package uniquecounter Info: New unique counter `rerunfilecheck' on input line 282.
)
\Hy@SectionHShift=\skip45
) (/usr/share/texlive/texmf-dist/tex/latex/float/float.sty
Package: float 2001/11/08 v1.3d Float enhancements (AL)
\c@float@type=\count103
\float@exts=\toks16
\float@box=\box26
\@float@everytoks=\toks17
\@floatcapt=\box27
) (/usr/share/texlive/texmf-dist/tex/latex/tools/multicol.sty
Package: multicol 2017/04/11 v1.8q multicolumn formatting (FMi)
\c@tracingmulticols=\count104
\mult@box=\box28
\multicol@leftmargin=\dimen117
\c@unbalance=\count105
\c@collectmore=\count106
\doublecol@number=\count107
\multicoltolerance=\count108
\multicolpretolerance=\count109
\full@width=\dimen118
\page@free=\dimen119
\premulticols=\dimen120
\postmulticols=\dimen121
\multicolsep=\skip46
\multicolbaselineskip=\skip47
\partial@page=\box29
\last@line=\box30
\maxbalancingoverflow=\dimen122
\mult@rightbox=\box31
\mult@grightbox=\box32
\mult@gfirstbox=\box33
\mult@firstbox=\box34
\@tempa=\box35
\@tempa=\box36
\@tempa=\box37
\@tempa=\box38
\@tempa=\box39
\@tempa=\box40
\@tempa=\box41
\@tempa=\box42
\@tempa=\box43
\@tempa=\box44
\@tempa=\box45
\@tempa=\box46
\@tempa=\box47
\@tempa=\box48
\@tempa=\box49
\@tempa=\box50
\@tempa=\box51
\c@columnbadness=\count110
\c@finalcolumnbadness=\count111
\last@try=\dimen123
\multicolovershoot=\dimen124
\multicolundershoot=\dimen125
\mult@nat@firstbox=\box52
\colbreak@box=\box53
\mc@col@check@num=\count112
) (/usr/share/texlive/texmf-dist/tex/latex/lipsum/lipsum.sty
Package: lipsum 2014/07/27 v1.3 150 paragraphs of Lorem Ipsum dummy text
\c@lips@count=\count113
) (/usr/share/texlive/texmf-dist/tex/latex/titlesec/titlesec.sty
Package: titlesec 2016/03/21 v2.10.2 Sectioning titles
\ttl@box=\box54
\beforetitleunit=\skip48
\aftertitleunit=\skip49
\ttl@plus=\dimen126
\ttl@minus=\dimen127
\ttl@toksa=\toks18
\titlewidth=\dimen128
\titlewidthlast=\dimen129
\titlewidthfirst=\dimen130
) (/usr/share/texlive/texmf-dist/tex/latex/sttools/flushend.sty
Package: flushend 2017/03/27 v3.3 Balancing columns in twocolumn mode
\flushend@@lastskip@a=\skip50
\flushend@@lastskip@b=\skip51
\flushend@@lastskip@c=\skip52
\flushend@@penalty@a=\count114
\flushend@@lastkern@a=\dimen131
\var@@temp@spread=\dimen132
\var@@temp@a=\dimen133
\flushend@@page@rule=\dimen134
\flushend@@varbox@a=\box55
\flushend@@varbox@c=\box56
\flushend@@tempbox@a=\box57
\flushend@@tempbox@c=\box58
\@viper=\box59
\hold@viper=\box60
\atColsBreak=\toks19
\atColsEnd=\toks20
 (/usr/share/texlive/texmf-dist/tex/latex/etoolbox/etoolbox.sty
Package: etoolbox 2018/02/11 v2.5e e-TeX tools for LaTeX (JAW)
\etb@tempcnta=\count115
)) (/usr/share/texlive/texmf-dist/tex/latex/fontawesome/fontawesome.sty
Package: fontawesome 2016/05/15 v4.6.3.1 font awesome icons
 (/usr/share/texlive/texmf-dist/tex/latex/fontawesome/fontawesomesymbols-generic.tex) (/usr/share/texlive/texmf-dist/tex/latex/fontawesome/fontawesomesymbols-pdftex.tex)) (/home/niksnikson/Documents/College_NEU/SPRING-20/DS-5110/Project/idmp-bchi/Report/report.aux)
\openout1 = `report.aux'.

LaTeX Font Info:    Checking defaults for OML/cmm/m/it on input line 20.
LaTeX Font Info:    ... okay on input line 20.
LaTeX Font Info:    Checking defaults for T1/cmr/m/n on input line 20.
LaTeX Font Info:    ... okay on input line 20.
LaTeX Font Info:    Checking defaults for OT1/cmr/m/n on input line 20.
LaTeX Font Info:    ... okay on input line 20.
LaTeX Font Info:    Checking defaults for OMS/cmsy/m/n on input line 20.
LaTeX Font Info:    ... okay on input line 20.
LaTeX Font Info:    Checking defaults for OMX/cmex/m/n on input line 20.
LaTeX Font Info:    ... okay on input line 20.
LaTeX Font Info:    Checking defaults for U/cmr/m/n on input line 20.
LaTeX Font Info:    ... okay on input line 20.
LaTeX Font Info:    Checking defaults for PD1/pdf/m/n on input line 20.
LaTeX Font Info:    ... okay on input line 20.

*geometry* driver: auto-detecting
*geometry* detected driver: pdftex
*geometry* verbose mode - [ preamble ] result:
* driver: pdftex
* paper: <default>
* layout: <same size as paper>
* layoutoffset:(h,v)=(0.0pt,0.0pt)
* modes: 
* h-part:(L,W,R)=(36.135pt, 542.02501pt, 36.135pt)
* v-part:(T,H,B)=(36.135pt, 722.7pt, 36.135pt)
* \paperwidth=614.295pt
* \paperheight=794.96999pt
* \textwidth=542.02501pt
* \textheight=722.7pt
* \oddsidemargin=-36.135pt
* \evensidemargin=-36.135pt
* \topmargin=-73.135pt
* \headheight=12.0pt
* \headsep=25.0pt
* \topskip=11.0pt
* \footskip=30.0pt
* \marginparwidth=59.0pt
* \marginparsep=10.0pt
* \columnsep=10.0pt
* \skip\footins=10.0pt plus 4.0pt minus 2.0pt
* \hoffset=0.0pt
* \voffset=0.0pt
* \mag=1000
* \@twocolumnfalse
* \@twosidefalse
* \@mparswitchfalse
* \@reversemarginfalse
* (1in=72.27pt=25.4mm, 1cm=28.453pt)

(/usr/share/texlive/texmf-dist/tex/context/base/mkii/supp-pdf.mkii
[Loading MPS to PDF converter (version 2006.09.02).]
\scratchcounter=\count116
\scratchdimen=\dimen135
\scratchbox=\box61
\nofMPsegments=\count117
\nofMParguments=\count118
\everyMPshowfont=\toks21
\MPscratchCnt=\count119
\MPscratchDim=\dimen136
\MPnumerator=\count120
\makeMPintoPDFobject=\count121
\everyMPtoPDFconversion=\toks22
) (/usr/share/texlive/texmf-dist/tex/latex/oberdiek/epstopdf-base.sty
Package: epstopdf-base 2016/05/15 v2.6 Base part for package epstopdf
 (/usr/share/texlive/texmf-dist/tex/latex/oberdiek/grfext.sty
Package: grfext 2016/05/16 v1.2 Manage graphics extensions (HO)
)
Package epstopdf-base Info: Redefining graphics rule for `.eps' on input line 438.
Package grfext Info: Graphics extension search list:
(grfext)             [.pdf,.png,.jpg,.mps,.jpeg,.jbig2,.jb2,.PDF,.PNG,.JPG,.JPEG,.JBIG2,.JB2,.eps]
(grfext)             \AppendGraphicsExtensions on input line 456.
 (/usr/share/texlive/texmf-dist/tex/latex/latexconfig/epstopdf-sys.cfg
File: epstopdf-sys.cfg 2010/07/13 v1.3 Configuration of (r)epstopdf for TeX Live
))
\AtBeginShipoutBox=\box62
Package hyperref Info: Link coloring OFF on input line 20.
 (/usr/share/texlive/texmf-dist/tex/latex/hyperref/nameref.sty
Package: nameref 2016/05/21 v2.44 Cross-referencing by name of section
 (/usr/share/texlive/texmf-dist/tex/generic/oberdiek/gettitlestring.sty
Package: gettitlestring 2016/05/16 v1.5 Cleanup title references (HO)
)
\c@section@level=\count122
)
LaTeX Info: Redefining \ref on input line 20.
LaTeX Info: Redefining \pageref on input line 20.
LaTeX Info: Redefining \nameref on input line 20.
 (/home/niksnikson/Documents/College_NEU/SPRING-20/DS-5110/Project/idmp-bchi/Report/report.out) (/home/niksnikson/Documents/College_NEU/SPRING-20/DS-5110/Project/idmp-bchi/Report/report.out)
\@outlinefile=\write3
\openout3 = `report.out'.

Missing character: There is no ‚ in font cmr17!
Missing character: There is no Ä in font cmr17!
Missing character: There is no ô in font cmr17!
LaTeX Font Info:    External font `cmex10' loaded for size
(Font)              <10.95> on input line 31.
LaTeX Font Info:    External font `cmex10' loaded for size
(Font)              <8> on input line 31.
LaTeX Font Info:    External font `cmex10' loaded for size
(Font)              <6> on input line 31.
Missing character: There is no ‚ in font cmr10!
Missing character: There is no Ä in font cmr10!
Missing character: There is no ò in font cmr10!
Missing character: There is no ‚ in font cmr10!
Missing character: There is no Ä in font cmr10!
Missing character: There is no ô in font cmr10!
 [1

{/var/lib/texmf/fonts/map/pdftex/updmap/pdftex.map}]
Missing character: There is no ‚ in font cmr10!
Missing character: There is no Ä in font cmr10!
Missing character: There is no ù in font cmr10!
Missing character: There is no ‚ in font cmr10!
Missing character: There is no Ä in font cmr10!
Missing character: There is no ù in font cmr10!

Underfull \hbox (badness 10000) in paragraph at lines 76--77

 []

<Images/Figure1.jpg, id=136, 586.44093pt x 329.73187pt>
File: Images/Figure1.jpg Graphic file (type jpg)
<use Images/Figure1.jpg>
Package pdftex.def Info: Images/Figure1.jpg  used on input line 86.
(pdftex.def)             Requested size: 252.94499pt x 142.21965pt.
<Images/Figure3.jpg, id=137, 592.614pt x 498.663pt>
File: Images/Figure3.jpg Graphic file (type jpg)
<use Images/Figure3.jpg>
Package pdftex.def Info: Images/Figure3.jpg  used on input line 93.
(pdftex.def)             Requested size: 252.94499pt x 212.83824pt.
[2]
<Images/Figure4.png, id=147, 600.9821pt x 340.8101pt>
File: Images/Figure4.png Graphic file (type png)
<use Images/Figure4.png>
Package pdftex.def Info: Images/Figure4.png  used on input line 103.
(pdftex.def)             Requested size: 252.94499pt x 143.44087pt.
<Images/Figure6.png, id=149, 557.08125pt x 318.43968pt>
File: Images/Figure6.png Graphic file (type png)
<use Images/Figure6.png>
Package pdftex.def Info: Images/Figure6.png  used on input line 109.
(pdftex.def)             Requested size: 252.94499pt x 144.58902pt.
File: Images/Figure4.png Graphic file (type png)
<use Images/Figure4.png>
Package pdftex.def Info: Images/Figure4.png  used on input line 119.
(pdftex.def)             Requested size: 252.94499pt x 143.44087pt.
File: Images/Figure6.png Graphic file (type png)
<use Images/Figure6.png>
Package pdftex.def Info: Images/Figure6.png  used on input line 126.
(pdftex.def)             Requested size: 252.94499pt x 144.58902pt.
 [3pdfTeX warning (ext4): destination with the same identifier (name{figure.1}) has been already used, duplicate ignored

\AtBegShi@Output ...ipout \box \AtBeginShipoutBox 
                                                  \fi \fi 
l.132             \item[-]
                           Thus, we used additional data set for heart disea...pdfTeX warning (ext4): destination with the same identifier (name{figure.2}) has been already used, duplicate ignored

\AtBegShi@Output ...ipout \box \AtBeginShipoutBox 
                                                  \fi \fi 
l.132             \item[-]
                           Thus, we used additional data set for heart disea...pdfTeX warning (ext4): destination with the same identifier (name{figure.3}) has been already used, duplicate ignored

\AtBegShi@Output ...ipout \box \AtBeginShipoutBox 
                                                  \fi \fi 
l.132             \item[-]
                           Thus, we used additional data set for heart disea...pdfTeX warning (ext4): destination with the same identifier (name{figure.4}) has been already used, duplicate ignored

\AtBegShi@Output ...ipout \box \AtBeginShipoutBox 
                                                  \fi \fi 
l.132             \item[-]
                           Thus, we used additional data set for heart disea...pdfTeX warning (ext4): destination with the same identifier (name{figure.5}) has been already used, duplicate ignored

\AtBegShi@Output ...ipout \box \AtBeginShipoutBox 
                                                  \fi \fi 
l.132             \item[-]
                           Thus, we used additional data set for heart disea...pdfTeX warning (ext4): destination with the same identifier (name{figure.6}) has been already used, duplicate ignored

\AtBegShi@Output ...ipout \box \AtBeginShipoutBox 
                                                  \fi \fi 
l.132             \item[-]
                           Thus, we used additional data set for heart disea... </home/niksnikson/Documents/College_NEU/SPRING-20/DS-5110/Project/idmp-bchi/Report/Images/Figure1.jpg> </home/niksnikson/Documents/College_NEU/SPRING-20/DS-5110/Project/idmp-bchi/Report/Images/Figure3.jpg> </home/niksnikson/Documents/College_NEU/SPRING-20/DS-5110/Project/idmp-bchi/Report/Images/Figure4.png> </home/niksnikson/Documents/College_NEU/SPRING-20/DS-5110/Project/idmp-bchi/Report/Images/Figure6.png>]
<Images/Figure11.jpg, id=165, 371.88937pt x 329.73187pt>
File: Images/Figure11.jpg Graphic file (type jpg)
<use Images/Figure11.jpg>
Package pdftex.def Info: Images/Figure11.jpg  used on input line 139.
(pdftex.def)             Requested size: 252.94499pt x 224.27507pt.
<Images/Figure10.jpg, id=166, 472.01344pt x 493.0922pt>
File: Images/Figure10.jpg Graphic file (type jpg)
<use Images/Figure10.jpg>
Package pdftex.def Info: Images/Figure10.jpg  used on input line 150.
(pdftex.def)             Requested size: 252.94499pt x 264.24187pt.
<Images/Figure12.png, id=168, 517.18219pt x 319.94531pt>
File: Images/Figure12.png Graphic file (type png)
<use Images/Figure12.png>
Package pdftex.def Info: Images/Figure12.png  used on input line 161.
(pdftex.def)             Requested size: 252.94499pt x 156.48164pt.

Underfull \hbox (badness 10000) in paragraph at lines 165--166

 []


Underfull \hbox (badness 10000) in paragraph at lines 165--166

 []

<Images/Figure13.png, id=169, 489.83pt x 558.085pt>
File: Images/Figure13.png Graphic file (type png)
<use Images/Figure13.png>
Package pdftex.def Info: Images/Figure13.png  used on input line 172.
(pdftex.def)             Requested size: 216.81pt x 247.01434pt.
[4pdfTeX warning (ext4): destination with the same identifier (name{figure.7}) has been already used, duplicate ignored

\AtBegShi@Output ...ipout \box \AtBeginShipoutBox 
                                                  \fi \fi 
l.176     A
           s seen from Figure 10, with linear regression the best model achi...pdfTeX warning (ext4): destination with the same identifier (name{figure.8}) has been already used, duplicate ignored

\AtBegShi@Output ...ipout \box \AtBeginShipoutBox 
                                                  \fi \fi 
l.176     A
           s seen from Figure 10, with linear regression the best model achi...pdfTeX warning (ext4): destination with the same identifier (name{figure.9}) has been already used, duplicate ignored

\AtBegShi@Output ...ipout \box \AtBeginShipoutBox 
                                                  \fi \fi 
l.176     A
           s seen from Figure 10, with linear regression the best model achi... </home/niksnikson/Documents/College_NEU/SPRING-20/DS-5110/Project/idmp-bchi/Report/Images/Figure11.jpg> </home/niksnikson/Documents/College_NEU/SPRING-20/DS-5110/Project/idmp-bchi/Report/Images/Figure10.jpg> </home/niksnikson/Documents/College_NEU/SPRING-20/DS-5110/Project/idmp-bchi/Report/Images/Figure12.png>]
<Images/Figure14.png, id=178, 492.84125pt x 542.025pt>
File: Images/Figure14.png Graphic file (type png)
<use Images/Figure14.png>
Package pdftex.def Info: Images/Figure14.png  used on input line 180.
(pdftex.def)             Requested size: 216.81pt x 238.45038pt.
<Images/Figure15.png, id=179, 310.15875pt x 399.4925pt>
File: Images/Figure15.png Graphic file (type png)
<use Images/Figure15.png>
Package pdftex.def Info: Images/Figure15.png  used on input line 188.
(pdftex.def)             Requested size: 209.58255pt x 269.94449pt.
<Images/Figure16.png, id=180, 310.15875pt x 400.49625pt>
File: Images/Figure16.png Graphic file (type png)
<use Images/Figure16.png>
Package pdftex.def Info: Images/Figure16.png  used on input line 196.
(pdftex.def)             Requested size: 216.81pt x 279.95435pt.
 [5pdfTeX warning (ext4): destination with the same identifier (name{figure.10}) has been already used, duplicate ignored

\AtBegShi@Output ...ipout \box \AtBeginShipoutBox 
                                                  \fi \fi 
l.201 
      pdfTeX warning (ext4): destination with the same identifier (name{figure.11}) has been already used, duplicate ignored

\AtBegShi@Output ...ipout \box \AtBeginShipoutBox 
                                                  \fi \fi 
l.201 
      pdfTeX warning (ext4): destination with the same identifier (name{figure.12}) has been already used, duplicate ignored

\AtBegShi@Output ...ipout \box \AtBeginShipoutBox 
                                                  \fi \fi 
l.201 
      pdfTeX warning (ext4): destination with the same identifier (name{figure.13}) has been already used, duplicate ignored

\AtBegShi@Output ...ipout \box \AtBeginShipoutBox 
                                                  \fi \fi 
l.201 
       </home/niksnikson/Documents/College_NEU/SPRING-20/DS-5110/Project/idmp-bchi/Report/Images/Figure13.png> </home/niksnikson/Documents/College_NEU/SPRING-20/DS-5110/Project/idmp-bchi/Report/Images/Figure14.png> </home/niksnikson/Documents/College_NEU/SPRING-20/DS-5110/Project/idmp-bchi/Report/Images/Figure15.png> </home/niksnikson/Documents/College_NEU/SPRING-20/DS-5110/Project/idmp-bchi/Report/Images/Figure16.png>]
<Images/Figure17.png, id=194, 881.2925pt x 205.76875pt>
File: Images/Figure17.png Graphic file (type png)
<use Images/Figure17.png>
Package pdftex.def Info: Images/Figure17.png  used on input line 206.
(pdftex.def)             Requested size: 260.17244pt x 60.74521pt.
LaTeX Font Info:    Try loading font information for OMS+cmr on input line 215.
 (/usr/share/texlive/texmf-dist/tex/latex/base/omscmr.fd
File: omscmr.fd 2014/09/29 v2.5h Standard LaTeX font definitions
)
LaTeX Font Info:    Font shape `OMS/cmr/m/n' in size <10.95> not available
(Font)              Font shape `OMS/cmsy/m/n' tried instead on input line 215.
Missing character: There is no ‚ in font cmti10!
Missing character: There is no Ä in font cmti10!
Missing character: There is no ú in font cmti10!
Missing character: There is no ‚ in font cmti10!
Missing character: There is no Ä in font cmti10!
Missing character: There is no ù in font cmti10!
Missing character: There is no ‚ in font cmti10!
Missing character: There is no Ä in font cmti10!
Missing character: There is no ú in font cmti10!
Missing character: There is no ‚ in font cmti10!
Missing character: There is no Ä in font cmti10!
Missing character: There is no ù in font cmti10!

Underfull \hbox (badness 10000) in paragraph at lines 225--227
[]\OT1/cmr/m/it/10.95 Machine Learn-ing with XG-Boost Kag-
 []


Underfull \hbox (badness 10000) in paragraph at lines 225--227
\OT1/cmr/m/it/10.95 gle\OT1/cmr/m/n/10.95 , []$\OT1/cmtt/m/n/10.95 https : / / www . kaggle . com / rtatman /
 []

Missing character: There is no ‚ in font cmti10!
Missing character: There is no Ä in font cmti10!
Missing character: There is no ù in font cmti10!

Underfull \hbox (badness 10000) in paragraph at lines 227--229
[]\OT1/cmr/m/it/10.95 "Random For-est in R To-wards Data Sci-
 []


Underfull \hbox (badness 10000) in paragraph at lines 227--229
\OT1/cmr/m/it/10.95 ence,  []$\OT1/cmtt/m/n/10.95 https : / / towardsdatascience . com /
 []

Missing character: There is no ‚ in font cmti10!
Missing character: There is no Ä in font cmti10!
Missing character: There is no ú in font cmti10!
Missing character: There is no ‚ in font cmti10!
Missing character: There is no Ä in font cmti10!
Missing character: There is no ù in font cmti10!

Underfull \hbox (badness 10000) in paragraph at lines 229--231
\OT1/cmr/m/it/10.95 project, []$\OT1/cmtt/m/n/10.95 https : / / cran . r-[]project . org / web /
 []


Underfull \hbox (badness 10000) in paragraph at lines 229--231
\OT1/cmtt/m/n/10.95 packages / corrplot / vignettes / corrplot-[]intro .
 []

Missing character: There is no ‚ in font cmti10!
Missing character: There is no Ä in font cmti10!
Missing character: There is no ú in font cmti10!
Missing character: There is no ‚ in font cmti10!
Missing character: There is no Ä in font cmti10!
Missing character: There is no ù in font cmti10!

Underfull \hbox (badness 10000) in paragraph at lines 231--233
[]$\OT1/cmtt/m/n/10.95 https : / / cran . r-[]project . org / web / packages /
 []

[6pdfTeX warning (ext4): destination with the same identifier (name{figure.14}) has been already used, duplicate ignored

\AtBegShi@Output ...ipout \box \AtBeginShipoutBox 
                                                  \fi \fi 
l.236     \newpage
                   </home/niksnikson/Documents/College_NEU/SPRING-20/DS-5110/Project/idmp-bchi/Report/Images/Figure17.png>]
LaTeX Font Info:    Try loading font information for U+fontawesometwo on input line 238.
 (/usr/share/texlive/texmf-dist/tex/latex/fontawesome/ufontawesometwo.fd
File: ufontawesometwo.fd 2016/05/22 Font definitions for U/fontawesometwo.
)

LaTeX Font Warning: Font shape `U/fontawesometwo/bx/n' undefined
(Font)              using `U/fontawesometwo/m/n' instead on input line 238.

<Images/Figure2.jpg, id=216, 520.19344pt x 414.04688pt>
File: Images/Figure2.jpg Graphic file (type jpg)
<use Images/Figure2.jpg>
Package pdftex.def Info: Images/Figure2.jpg  used on input line 242.
(pdftex.def)             Requested size: 361.34999pt x 287.61327pt.
<Images/Figure5.jpg, id=217, 591.71063pt x 335.75438pt>
File: Images/Figure5.jpg Graphic file (type jpg)
<use Images/Figure5.jpg>
Package pdftex.def Info: Images/Figure5.jpg  used on input line 249.
(pdftex.def)             Requested size: 361.34999pt x 205.04553pt.
Package atveryend Info: Empty hook `BeforeClearDocument' on input line 253.
[7pdfTeX warning (ext4): destination with the same identifier (name{figure.15}) has been already used, duplicate ignored

\AtBegShi@Output ...ipout \box \AtBeginShipoutBox 
                                                  \fi \fi 
l.253 \end{document}
                    pdfTeX warning (ext4): destination with the same identifier (name{figure.16}) has been already used, duplicate ignored

\AtBegShi@Output ...ipout \box \AtBeginShipoutBox 
                                                  \fi \fi 
l.253 \end{document}
                     </home/niksnikson/Documents/College_NEU/SPRING-20/DS-5110/Project/idmp-bchi/Report/Images/Figure2.jpg> </home/niksnikson/Documents/College_NEU/SPRING-20/DS-5110/Project/idmp-bchi/Report/Images/Figure5.jpg>]
Package atveryend Info: Empty hook `AfterLastShipout' on input line 253.
 (/home/niksnikson/Documents/College_NEU/SPRING-20/DS-5110/Project/idmp-bchi/Report/report.aux)
Package atveryend Info: Executing hook `AtVeryEndDocument' on input line 253.
Package atveryend Info: Executing hook `AtEndAfterFileList' on input line 253.
Package rerunfilecheck Info: File `report.out' has not changed.
(rerunfilecheck)             Checksum: C35B05208FBC5281572A28124254AF29;1842.


LaTeX Font Warning: Some font shapes were not available, defaults substituted.

Package atveryend Info: Empty hook `AtVeryVeryEnd' on input line 253.
 ) 
Here is how much of TeX's memory you used:
 8242 strings out of 492982
 120020 string characters out of 6134896
 326066 words of memory out of 5000000
 11663 multiletter control sequences out of 15000+600000
 9333 words of font info for 33 fonts, out of 8000000 for 9000
 1141 hyphenation exceptions out of 8191
 28i,6n,32p,1278b,694s stack positions out of 5000i,500n,10000p,200000b,80000s
{/usr/share/texlive/texmf-dist/fonts/enc/dvips/fontawesome/fontawesometwo.enc}</usr/share/texlive/texmf-dist/fonts/type1/public/fontawesome/FontAwesome.pfb></usr/share/texlive/texmf-dist/fonts/type1/public/amsfonts/cm/cmbx10.pfb></usr/share/texlive/texmf-dist/fonts/type1/public/amsfonts/cm/cmbx12.pfb></usr/share/texlive/texmf-dist/fonts/type1/public/amsfonts/cm/cmmi10.pfb></usr/share/texlive/texmf-dist/fonts/type1/public/amsfonts/cm/cmr10.pfb></usr/share/texlive/texmf-dist/fonts/type1/public/amsfonts/cm/cmr12.pfb></usr/share/texlive/texmf-dist/fonts/type1/public/amsfonts/cm/cmr17.pfb></usr/share/texlive/texmf-dist/fonts/type1/public/amsfonts/cm/cmsy10.pfb></usr/share/texlive/texmf-dist/fonts/type1/public/amsfonts/cm/cmti10.pfb></usr/share/texlive/texmf-dist/fonts/type1/public/amsfonts/cm/cmtt10.pfb>
Output written on /home/niksnikson/Documents/College_NEU/SPRING-20/DS-5110/Project/idmp-bchi/Report/report.pdf (7 pages, 960133 bytes).
PDF statistics:
 277 PDF objects out of 1000 (max. 8388607)
 233 compressed objects within 3 object streams
 63 named destinations out of 1000 (max. 500000)
 287 words of extra memory for PDF output out of 10000 (max. 10000000)

